2025-10-08 10:29:08,245 - SystemLauncher - INFO - Checking system requirements...
2025-10-08 10:29:08,297 - SystemLauncher - ERROR - Missing required modules: ['pyserial']
2025-10-08 10:29:24,901 - SystemLauncher - INFO - Checking system requirements...
2025-10-08 10:29:24,943 - SystemLauncher - ERROR - Missing required modules: ['pyserial']
2025-10-08 10:35:10,657 - SystemLauncher - INFO - Checking system requirements...
2025-10-08 10:35:10,807 - SystemLauncher - ERROR - Missing required modules: ['pyserial']
2025-10-08 10:35:38,480 - SystemLauncher - INFO - Checking system requirements...
2025-10-08 10:35:38,602 - SystemLauncher - ERROR - Missing required modules: ['pyserial']
2025-10-08 10:36:19,978 - SystemLauncher - INFO - Checking system requirements...
2025-10-08 10:36:20,024 - SystemLauncher - INFO - All requirements satisfied
2025-10-08 10:36:20,025 - SystemLauncher - INFO - Starting system launch sequence...
2025-10-08 10:36:20,102 - SystemLauncher - ERROR - Launch failed: 'SystemLauncher' object has no attribute 'root'
2025-10-08 10:36:24,835 - SystemLauncher - INFO - Cleaning up system...
2025-10-08 10:36:24,835 - SystemLauncher - INFO - Cleanup completed
2025-10-08 10:37:20,153 - SystemLauncher - INFO - Checking system requirements...
2025-10-08 10:37:20,348 - SystemLauncher - INFO - All requirements satisfied
2025-10-08 10:37:20,348 - SystemLauncher - INFO - Starting system launch sequence...
2025-10-08 10:37:20,349 - SystemLauncher - INFO - Initializing GUI system...
2025-10-08 10:37:20,932 - SystemLauncher - ERROR - GUI initialization failed: name 'logging' is not defined
2025-10-08 10:37:23,698 - SystemLauncher - INFO - Cleaning up system...
2025-10-08 10:37:23,699 - SystemLauncher - INFO - Cleanup completed
2025-10-08 10:38:27,228 - SystemLauncher - INFO - Checking system requirements...
2025-10-08 10:38:27,277 - SystemLauncher - INFO - All requirements satisfied
2025-10-08 10:38:27,278 - SystemLauncher - INFO - Starting system launch sequence...
2025-10-08 10:38:27,278 - SystemLauncher - INFO - Initializing GUI system...
2025-10-08 10:38:27,580 - BackendManager - INFO - Configuration loaded
2025-10-08 10:38:28,255 - SystemLauncher - ERROR - GUI initialization failed: Layout Custom.Notebook not found
2025-10-08 10:38:32,902 - SystemLauncher - INFO - Cleaning up system...
2025-10-08 10:38:32,902 - SystemLauncher - INFO - Cleanup completed
2025-10-08 10:39:13,725 - SystemLauncher - INFO - Checking system requirements...
2025-10-08 10:39:13,771 - SystemLauncher - INFO - All requirements satisfied
2025-10-08 10:39:13,771 - SystemLauncher - INFO - Starting system launch sequence...
2025-10-08 10:39:13,772 - SystemLauncher - INFO - Initializing GUI system...
2025-10-08 10:39:14,142 - BackendManager - INFO - Configuration loaded
2025-10-08 10:39:14,142 - ArduinoGUI - INFO - Using professional backend
2025-10-08 10:39:14,648 - SystemLauncher - ERROR - GUI initialization failed: 'ArduinoGUI' object has no attribute 'create_robotic_arm_tab'
2025-10-08 10:39:31,374 - SystemLauncher - INFO - Cleaning up system...
2025-10-08 10:39:31,375 - SystemLauncher - INFO - Cleanup completed
2025-10-08 10:41:05,571 - SystemLauncher - INFO - Checking system requirements...
2025-10-08 10:41:05,632 - SystemLauncher - INFO - All requirements satisfied
2025-10-08 10:41:05,633 - SystemLauncher - INFO - Starting system launch sequence...
2025-10-08 10:41:05,633 - SystemLauncher - INFO - Initializing GUI system...
2025-10-08 10:41:06,011 - BackendManager - INFO - Configuration loaded
2025-10-08 10:41:06,011 - ArduinoGUI - INFO - Using professional backend
2025-10-08 10:41:08,088 - SystemLauncher - INFO - GUI initialized successfully
2025-10-08 10:41:08,612 - SystemLauncher - INFO - Initializing backend system...
2025-10-08 10:41:08,614 - BackendManager - INFO - Configuration loaded
2025-10-08 10:41:08,615 - SystemLauncher - INFO - Backend initialized successfully
2025-10-08 10:41:08,630 - SystemLauncher - WARNING - No serial ports found
2025-10-08 10:41:17,302 - SystemLauncher - INFO - Created start.bat script
2025-10-08 10:41:21,176 - SystemLauncher - INFO - Starting GUI main loop...
2025-10-08 10:41:39,184 - SystemLauncher - INFO - Cleaning up system...
2025-10-08 10:41:39,184 - SystemLauncher - ERROR - Cleanup error: can't invoke "destroy" command: application has been destroyed
